This is pdfTeX, Version 3.14159-13d (Web2C 7.3.1) (format=amstex 2001.10.23)  11 JUL 2002 16:46
**ajm2001
(ajm2001.tex[/usr/local/share/texmf/pdftex/config/pdftex.cfg]

AmS-TeX- Version 2.1
COPYRIGHT 1985, 1990, 1991 - AMERICAN MATHEMATICAL SOCIETY
Use of this macro package is not restricted provided
each use is acknowledged upon publication.


(/usr/local/share/texmf/tex/amstex/base/amsppt.sty version 2.1h (1997/02/02):
Loading utility definitions, more fonts, page dimension settings, top matter,
section heads, theorems/proofs/definitions/remarks, rosters, footnotes,
figures and captions, miscellaneous, references, end of document,
output routine,
\copyins=\insert252
 hyphenation exceptions (U.S. English)
(/usr/local/share/texmf/tex/amstex/config/amsppt.sti symbol names
(/usr/local/share/texmf/tex/plain/amsfonts/amssym.tex) ,)

) [1[/usr/local/share/texmf/dvips/config/pdftex.map]] [2] [3] [4] [5] [6] )<cmt
t8.pfb><cmsy5.pfb><cmmi5.pfb><cmr5.pfb><msam10.pfb><cmex10.pfb><cmsy8.pfb><cmti
8.pfb><cmsy7.pfb><cmr7.pfb><cmmi10.pfb><cmti10.pfb><cmsy10.pfb><cmmi7.pfb><msbm
10.pfb><cmr10.pfb><cmmi6.pfb><msbm7.pfb><cmr8.pfb><cmcsc10.pfb><cmcsc10.pfb><cm
bx10.pfb>
Output written on ajm2001.pdf (6 pages, 180290 bytes).
