This is pdfeTeX, Version 3.141592-1.30.4-2.2 (Web2C 7.5.5) (format=pdflatex 2006.6.8)  14 SEP 2006 16:22
entering extended mode
\write18 enabled.
**cubicerdos06.tex
(./cubicerdos06.tex
LaTeX2e <2005/12/01>
Babel <v3.8d> and hyphenation patterns for american, french, german, ngerman, d
utch, italian, norsk, portuges, spanish, swedish, nohyphenation, loaded.
(/usr/local/teTeX/share/texmf.local/tex/latex/base/article.cls
Document Class: article 2005/09/16 v1.4f Standard LaTeX document class
(/usr/local/teTeX/share/texmf.local/tex/latex/base/size11.clo
File: size11.clo 2005/09/16 v1.4f Standard LaTeX file (size option)
)
\c@part=\count79
\c@section=\count80
\c@subsection=\count81
\c@subsubsection=\count82
\c@paragraph=\count83
\c@subparagraph=\count84
\c@figure=\count85
\c@table=\count86
\abovecaptionskip=\skip41
\belowcaptionskip=\skip42
\bibindent=\dimen102
)
(/usr/local/teTeX/share/texmf.tetex/tex/latex/geometry/geometry.sty
Package: geometry 2002/07/08 v3.2 Page Geometry

(/usr/local/teTeX/share/texmf.local/tex/latex/graphics/keyval.sty
Package: keyval 1999/03/16 v1.13 key=value parser (DPC)
\KV@toks@=\toks14
)
\Gm@cnth=\count87
\Gm@cntv=\count88
\c@Gm@tempcnt=\count89
\Gm@bindingoffset=\dimen103
\Gm@wd@mp=\dimen104
\Gm@odd@mp=\dimen105
\Gm@even@mp=\dimen106
\Gm@dimlist=\toks15

(/usr/local/teTeX/share/texmf.tetex/tex/latex/geometry/geometry.cfg))
(/usr/local/teTeX/share/texmf.tetex/tex/latex/parskip/parskip.sty
Package: parskip 2001/04/09 non-zero parskip adjustments
)
(/usr/local/teTeX/share/texmf.tetex/tex/latex/amsfonts/amssymb.sty
Package: amssymb 2002/01/22 v2.2d

(/usr/local/teTeX/share/texmf.tetex/tex/latex/amsfonts/amsfonts.sty
Package: amsfonts 2001/10/25 v2.2f
\@emptytoks=\toks16
\symAMSa=\mathgroup4
\symAMSb=\mathgroup5
LaTeX Font Info:    Overwriting math alphabet `\mathfrak' in version `bold'
(Font)                  U/euf/m/n --> U/euf/b/n on input line 132.
))
(/usr/local/teTeX/share/texmf.tetex/tex/latex/oberdiek/epstopdf.sty
Package: epstopdf 2001/02/04 v1.1 Conversion with epstopdf on the fly (HO)


Package epstopdf Warning: No graphics package `graphic{s,x}' loaded.

) (/usr/local/teTeX/share/texmf.tetex/tex/latex/amsmath/amsmath.sty
Package: amsmath 2000/07/18 v2.13 AMS math features
\@mathmargin=\skip43

For additional information on amsmath, use the `?' option.
(/usr/local/teTeX/share/texmf.tetex/tex/latex/amsmath/amstext.sty
Package: amstext 2000/06/29 v2.01

(/usr/local/teTeX/share/texmf.tetex/tex/latex/amsmath/amsgen.sty
File: amsgen.sty 1999/11/30 v2.0
\@emptytoks=\toks17
\ex@=\dimen107
))
(/usr/local/teTeX/share/texmf.tetex/tex/latex/amsmath/amsbsy.sty
Package: amsbsy 1999/11/29 v1.2d
\pmbraise@=\dimen108
)
(/usr/local/teTeX/share/texmf.tetex/tex/latex/amsmath/amsopn.sty
Package: amsopn 1999/12/14 v2.01 operator names
)
\inf@bad=\count90
LaTeX Info: Redefining \frac on input line 211.
\uproot@=\count91
\leftroot@=\count92
LaTeX Info: Redefining \overline on input line 307.
\classnum@=\count93
\DOTSCASE@=\count94
LaTeX Info: Redefining \ldots on input line 379.
LaTeX Info: Redefining \dots on input line 382.
LaTeX Info: Redefining \cdots on input line 467.
\Mathstrutbox@=\box26
\strutbox@=\box27
\big@size=\dimen109
LaTeX Font Info:    Redeclaring font encoding OML on input line 567.
LaTeX Font Info:    Redeclaring font encoding OMS on input line 568.
\macc@depth=\count95
\c@MaxMatrixCols=\count96
\dotsspace@=\muskip10
\c@parentequation=\count97
\dspbrk@lvl=\count98
\tag@help=\toks18
\row@=\count99
\column@=\count100
\maxfields@=\count101
\andhelp@=\toks19
\eqnshift@=\dimen110
\alignsep@=\dimen111
\tagshift@=\dimen112
\tagwidth@=\dimen113
\totwidth@=\dimen114
\lineht@=\dimen115
\@envbody=\toks20
\multlinegap=\skip44
\multlinetaggap=\skip45
\mathdisplay@stack=\toks21
LaTeX Info: Redefining \[ on input line 2666.
LaTeX Info: Redefining \] on input line 2667.
)
(/usr/local/teTeX/share/texmf.tetex/tex/latex/amscls/amsthm.sty
Package: amsthm 2004/08/06 v2.20
\thm@style=\toks22
\thm@bodyfont=\toks23
\thm@headfont=\toks24
\thm@notefont=\toks25
\thm@headpunct=\toks26
\thm@preskip=\skip46
\thm@postskip=\skip47
\thm@headsep=\skip48
\dth@everypar=\toks27
)
(/usr/local/teTeX/share/texmf.tetex/tex/latex/amsmath/amscd.sty
Package: amscd 1999/11/29 v1.2d
\athelp@=\toks28
\minaw@=\dimen116
\bigaw@=\dimen117
\minCDarrowwidth=\dimen118
)
(/usr/local/teTeX/share/texmf.local/tex/latex/base/latexsym.sty
Package: latexsym 1998/08/17 v2.2e Standard LaTeX package (lasy symbols)
\symlasy=\mathgroup6
LaTeX Font Info:    Overwriting symbol font `lasy' in version `bold'
(Font)                  U/lasy/m/n --> U/lasy/b/n on input line 47.
)
\c@theorem=\count102
\c@exercise=\count103
\c@obs=\count104
\c@case[theorem]=\count105

(./cubicerdos06.aux)
\openout1 = `cubicerdos06.aux'.

LaTeX Font Info:    Checking defaults for OML/cmm/m/it on input line 49.
LaTeX Font Info:    ... okay on input line 49.
LaTeX Font Info:    Checking defaults for T1/cmr/m/n on input line 49.
LaTeX Font Info:    ... okay on input line 49.
LaTeX Font Info:    Checking defaults for OT1/cmr/m/n on input line 49.
LaTeX Font Info:    ... okay on input line 49.
LaTeX Font Info:    Checking defaults for OMS/cmsy/m/n on input line 49.
LaTeX Font Info:    ... okay on input line 49.
LaTeX Font Info:    Checking defaults for OMX/cmex/m/n on input line 49.
LaTeX Font Info:    ... okay on input line 49.
LaTeX Font Info:    Checking defaults for U/cmr/m/n on input line 49.
LaTeX Font Info:    ... okay on input line 49.
-------------------- Geometry parameters
paper: class default
landscape: --
twocolumn: --
twoside: --
asymmetric: --
h-parts: 92.14519pt, 0.7\paperwidth , 92.14519pt (default)
v-parts: 95.39737pt, 0.7\paperheight , 143.09605pt (default)
hmarginratio: 1:1
vmarginratio: 2:3
lines: --
heightrounded: --
bindingoffset: 0.0pt
truedimen: --
includehead: --
includefoot: --
includemp: --
driver: pdftex
-------------------- Page layout dimensions and switches
\paperwidth  614.295pt
\paperheight 794.96999pt
\textwidth  430.00462pt
\textheight 556.47656pt
\oddsidemargin  19.8752pt
\evensidemargin 19.8752pt
\topmargin  -13.87262pt
\headheight 12.0pt
\headsep    25.0pt
\footskip   30.0pt
\marginparwidth 59.0pt
\marginparsep   10.0pt
\columnsep  10.0pt
\skip\footins  10.0pt plus 4.0pt minus 2.0pt
\hoffset 0.0pt
\voffset 0.0pt
\mag 1000

(1in=72.27pt, 1cm=28.45pt)
-----------------------
LaTeX Font Info:    Try loading font information for U+msa on input line 51.

(/usr/local/teTeX/share/texmf.tetex/tex/latex/amsfonts/umsa.fd
File: umsa.fd 2002/01/19 v2.2g AMS font definitions
)
LaTeX Font Info:    Try loading font information for U+msb on input line 51.

(/usr/local/teTeX/share/texmf.tetex/tex/latex/amsfonts/umsb.fd
File: umsb.fd 2002/01/19 v2.2g AMS font definitions
)
LaTeX Font Info:    Try loading font information for U+lasy on input line 51.

(/usr/local/teTeX/share/texmf.local/tex/latex/base/ulasy.fd
File: ulasy.fd 1998/08/17 v2.2e LaTeX symbol font definitions
) [1

{/usr/local/teTeX/share/texmf.local/fonts/map/pdftex/updmap/pdftex.map}] (./cub
icerdos06.toc)
\tf@toc=\write3
\openout3 = `cubicerdos06.toc'.



Package amsfonts Warning: Obsolete command \Bbb; \mathbb should be used instead
 on input line 64.

[2] [3] [4] [5] [6] [7] [8] [9] [10] [11]
Overfull \hbox (4.19824pt too wide) detected at line 423
\OT1/cmr/m/n/10.95 = \OML/cmm/m/it/10.95 q[] [] ^^_\OT1/cmr/m/n/10.95 (\OMS/cms
y/m/n/10.95 ^^@\OML/cmm/m/it/10.95 tj\OT1/cmr/m/n/10.95 )\OML/cmm/m/it/10.95  [
]\OT1/cmr/m/n/10.95 (\OML/cmm/m/it/10.95 t\OT1/cmr/m/n/10.95 ) [] \OML/cmm/m/it
/10.95 ^^_\OT1/cmr/m/n/10.95 (\OML/cmm/m/it/10.95 s[] \OT1/cmr/m/n/10.95 + [] +
 \OML/cmm/m/it/10.95 s[] \OT1/cmr/m/n/10.95 + \OML/cmm/m/it/10.95 m[]t[]s[] \OT
1/cmr/m/n/10.95 + [] + \OML/cmm/m/it/10.95 m[]t[]s[]\OT1/cmr/m/n/10.95 )\OML/cm
m/m/it/10.95  \OT1/cmr/m/n/10.95 (\OML/cmm/m/it/10.95 s[]\OT1/cmr/m/n/10.95 ) [
] \OML/cmm/m/it/10.95  \OT1/cmr/m/n/10.95 (\OML/cmm/m/it/10.95 s[]\OT1/cmr/m/n/
10.95 )
 []

[12] [13] [14] [15]
Overfull \hbox (4.78078pt too wide) in paragraph at lines 584--586
[]\OT1/cmr/m/n/10.95 Applying Cauchy-Schwartz, The-o-rem 5.1[]( or The-o-rem 7.
1[]) and Plancherel, we see that 
 []

[16] [17] [18] (./cubicerdos06.aux)

LaTeX Warning: Label(s) may have changed. Rerun to get cross-references right.

 ) 
Here is how much of TeX's memory you used:
 1735 strings out of 95125
 21350 string characters out of 1182970
 2067426 words of memory out of 4522179
 4894 multiletter control sequences out of 10000+50000
 12439 words of font info for 49 fonts, out of 2000000 for 2000
 58 hyphenation exceptions out of 5000
 27i,8n,24p,613b,195s stack positions out of 5000i,500n,6000p,200000b,40000s
PDF statistics:
 111 PDF objects out of 300000
 0 named destinations out of 131072
 1 words of extra memory for PDF output out of 10000
</usr/local/teTeX/share/texmf.tetex/fonts/type1/bluesky/cm/cmex10.pfb></usr/l
ocal/teTeX/share/texmf.tetex/fonts/type1/bluesky/cm/cmsy6.pfb></usr/local/teTeX
/share/texmf.tetex/fonts/type1/bluesky/symbols/msbm7.pfb></usr/local/teTeX/shar
e/texmf.tetex/fonts/type1/bluesky/cm/cmsy8.pfb></usr/local/teTeX/share/texmf.te
tex/fonts/type1/bluesky/cm/cmti10.pfb></usr/local/teTeX/share/texmf.tetex/fonts
/type1/bluesky/cm/cmr8.pfb></usr/local/teTeX/share/texmf.tetex/fonts/type1/blue
sky/cm/cmmi6.pfb></usr/local/teTeX/share/texmf.tetex/fonts/type1/bluesky/cm/cmr
6.pfb></usr/local/teTeX/share/texmf.tetex/fonts/type1/bluesky/symbols/msam10.pf
b></usr/local/teTeX/share/texmf.tetex/fonts/type1/bluesky/cm/cmsy10.pfb></usr/l
ocal/teTeX/share/texmf.tetex/fonts/type1/bluesky/cm/cmmi8.pfb></usr/local/teTeX
/share/texmf.tetex/fonts/type1/bluesky/symbols/msbm10.pfb></usr/local/teTeX/sha
re/texmf.tetex/fonts/type1/bluesky/cm/cmmi10.pfb></usr/local/teTeX/share/texmf.
tetex/fonts/type1/bluesky/cm/cmbx12.pfb></usr/local/teTeX/share/texmf.tetex/fon
ts/type1/bluesky/cm/cmr10.pfb></usr/local/teTeX/share/texmf.tetex/fonts/type1/b
luesky/cm/cmbx10.pfb></usr/local/teTeX/share/texmf.tetex/fonts/type1/bluesky/cm
/cmr12.pfb></usr/local/teTeX/share/texmf.tetex/fonts/type1/bluesky/cm/cmr17.pfb
>
Output written on cubicerdos06.pdf (18 pages, 180058 bytes).
