This is TeX, Version 3.14159 (Web2C 7.3.1) (format=amstex 2000.8.17)  17 JUN 2002 08:40
**janalyse1999
(janalyse1999.tex

AmS-TeX- Version 2.1
COPYRIGHT 1985, 1990, 1991 - AMERICAN MATHEMATICAL SOCIETY
Use of this macro package is not restricted provided
each use is acknowledged upon publication.


(/usr/local/share/texmf/tex/amstex/base/amsppt.sty version 2.1h (1997/02/02):
Loading utility definitions, more fonts, page dimension settings, top matter,
section heads, theorems/proofs/definitions/remarks, rosters, footnotes,
figures and captions, miscellaneous, references, end of document,
output routine,
\copyins=\insert252
 hyphenation exceptions (U.S. English)
(/usr/local/share/texmf/tex/amstex/config/amsppt.sti symbol names
(/usr/local/share/texmf/tex/plain/amsfonts/amssym.tex) ,)

) [1] [2] [3] [4] [5] [6] [7]
Underfull \hbox (badness 674) in paragraph at lines 814--822
\tenrm is con-tained in an in-ter-val of length $\tensy ^^T \teni C^^N[]$\tenrm
 . The func-tions $\teni y[] \tensy 7! \tenrm ^^H(\teni y; y[]\tenrm )$ be-long
 to

\hbox(8.87892+2.5)x433.62, glue set 1.89006
.\tenrm i
.\tenrm s
.\glue 3.33333 plus 1.66666 minus 1.11111
.\tenrm c
.\tenrm o
.etc.

[8] [9] [10] [11]
Underfull \hbox (badness 1000) in paragraph at lines 1259--1264
\tenit where $[]$ is mixed ho-mo-ge-neous of de-gree $\tenrm (\teni a[]; []  ; 
a[]\tenrm )$\tenit ; i.e. $[]\tenrm (\teni s[]x[]; [] ; s[]x[]\tenrm ) =

\hbox(11.97878+2.5)x433.62, glue set 2.15735
.\tenit w
.\tenit h
.\tenit e
.\tenit r
.\kern-0.51112
.etc.


Underfull \hbox (badness 1400) in paragraph at lines 1267--1276
\tenit Remark.\tenrm We note that if $^^H$ be-longs to $\tensy S[]\tenrm (\teni
 b; M; \teneufm a\teni ; \tenrm 3\teni N \tenrm + 1)$ then $\teni Q$ \tenrm be-
longs to a fam-ily

\hbox(7.5+2.75433)x433.62, glue set 2.41312
.\tenit R
.\kern-0.51112
.\tenit e
.\tenit m
.\tenit a
.etc.

[12] [13] [14] [15] [16] [17] [18] [19] [20]
Underfull \vbox (badness 3668) has occurred while \output is active
\vbox(614.295+1.55556)x433.62, glue set 3.32375
.\glue(\topskip) 2.5
.\hbox(7.5+2.5)x433.62, glue set 0.57224
..\teni ^^[
..\kern0.35878
..\mathoff
..\tenrm .
..\glue 4.44444 plus 4.99997 minus 0.37036
..etc.
.\glue(\baselineskip) 2.0
.\hbox(7.5+2.5)x433.62, glue set 0.06984
..\tenrm (
..\tenrm 5
..\teni =
..\tenrm 7
..\teni ;
..etc.
.\penalty 150
.etc.

 [21]
[22] )
Output written on janalyse1999.dvi (22 pages, 111320 bytes).
