This is TeX, Version 3.14159 (Web2C 7.4.5) (format=amstex 2003.10.17)  3 AUG 2004 14:30
**kakeya
(./kakeyahs.tex

AmS-TeX- Version 2.2


(/usr/local/share/texmf/tex/amstex/base/amsppt.sty version 2.2 (2001/08/07):
Loading utility definitions, more fonts, page dimension settings, top matter,
section heads, theorems/proofs/definitions/remarks, rosters, footnotes,
figures and captions, miscellaneous, references, end of document,
output routine,
\copyins=\insert252
 hyphenation exceptions (U.S. English)
(/usr/local/share/texmf/tex/amstex/config/amsppt.sti symbol names
(/usr/local/share/texmf/tex/plain/amsfonts/amssym.tex) ,)

) [1] [2] [3] [4] [5] [6] [7] [8] [9] [10] [11] [12] [13] [14] [15] [16]
Underfull \hbox (badness 1533) in paragraph at lines 849--851
[]\tenrm A. Io-se-vich, \tenit Geo-met-ric mea-sure the-ory and Fourier anal-y-
sis\tenrm ,

\hbox(7.5+2.5)x397.48499, glue set 2.4875
.\hbox(7.5+2.5)x104.47375, glue set 80.30704fil
..\tenrm [
..\tenrm I
..\tenrm 0
..\tenrm 4
..\tenrm ]
..etc.
.\tenrm A
.\tenrm .
.\glue 3.33333 plus 1.66666 minus 1.11111
.\tenrm I
.etc.

[17] )
Output written on kakeyahs.dvi (17 pages, 70304 bytes).
