This is pdfeTeX, Version 3.141592-1.30.4-2.2 (Web2C 7.5.5) (format=pdflatex 2006.6.8)  16 SEP 2006 23:37
entering extended mode
\write18 enabled.
**solymosi.tex
(./solymosi.tex
LaTeX2e <2005/12/01>
Babel <v3.8d> and hyphenation patterns for american, french, german, ngerman, d
utch, italian, norsk, portuges, spanish, swedish, nohyphenation, loaded.
(/usr/local/teTeX/share/texmf.tetex/tex/latex/amscls/amsart.cls
Document Class: amsart 2004/08/06 v2.20
\linespacing=\dimen102
\normalparindent=\dimen103
\normaltopskip=\skip41
(/usr/local/teTeX/share/texmf.tetex/tex/latex/amsmath/amsmath.sty
Package: amsmath 2000/07/18 v2.13 AMS math features
\@mathmargin=\skip42

For additional information on amsmath, use the `?' option.
(/usr/local/teTeX/share/texmf.tetex/tex/latex/amsmath/amstext.sty
Package: amstext 2000/06/29 v2.01

(/usr/local/teTeX/share/texmf.tetex/tex/latex/amsmath/amsgen.sty
File: amsgen.sty 1999/11/30 v2.0
\@emptytoks=\toks14
\ex@=\dimen104
))
(/usr/local/teTeX/share/texmf.tetex/tex/latex/amsmath/amsbsy.sty
Package: amsbsy 1999/11/29 v1.2d
\pmbraise@=\dimen105
)
(/usr/local/teTeX/share/texmf.tetex/tex/latex/amsmath/amsopn.sty
Package: amsopn 1999/12/14 v2.01 operator names
)
\inf@bad=\count79
LaTeX Info: Redefining \frac on input line 211.
\uproot@=\count80
\leftroot@=\count81
LaTeX Info: Redefining \overline on input line 307.
\classnum@=\count82
\DOTSCASE@=\count83
LaTeX Info: Redefining \ldots on input line 379.
LaTeX Info: Redefining \dots on input line 382.
LaTeX Info: Redefining \cdots on input line 467.
\Mathstrutbox@=\box26
\strutbox@=\box27
\big@size=\dimen106
LaTeX Font Info:    Redeclaring font encoding OML on input line 567.
LaTeX Font Info:    Redeclaring font encoding OMS on input line 568.
\macc@depth=\count84
\c@MaxMatrixCols=\count85
\dotsspace@=\muskip10
\c@parentequation=\count86
\dspbrk@lvl=\count87
\tag@help=\toks15
\row@=\count88
\column@=\count89
\maxfields@=\count90
\andhelp@=\toks16
\eqnshift@=\dimen107
\alignsep@=\dimen108
\tagshift@=\dimen109
\tagwidth@=\dimen110
\totwidth@=\dimen111
\lineht@=\dimen112
\@envbody=\toks17
\multlinegap=\skip43
\multlinetaggap=\skip44
\mathdisplay@stack=\toks18
LaTeX Info: Redefining \[ on input line 2666.
LaTeX Info: Redefining \] on input line 2667.
)
LaTeX Font Info:    Try loading font information for U+msa on input line 407.

(/usr/local/teTeX/share/texmf.tetex/tex/latex/amsfonts/umsa.fd
File: umsa.fd 2002/01/19 v2.2g AMS font definitions
)
(/usr/local/teTeX/share/texmf.tetex/tex/latex/amsfonts/amsfonts.sty
Package: amsfonts 2001/10/25 v2.2f
\symAMSa=\mathgroup4
\symAMSb=\mathgroup5
LaTeX Font Info:    Overwriting math alphabet `\mathfrak' in version `bold'
(Font)                  U/euf/m/n --> U/euf/b/n on input line 132.
)
\copyins=\insert233
\abstractbox=\box28
\listisep=\skip45
\c@part=\count91
\c@section=\count92
\c@subsection=\count93
\c@subsubsection=\count94
\c@paragraph=\count95
\c@subparagraph=\count96
\c@figure=\count97
\c@table=\count98
\abovecaptionskip=\skip46
\belowcaptionskip=\skip47
\captionindent=\dimen113
\thm@style=\toks19
\thm@bodyfont=\toks20
\thm@headfont=\toks21
\thm@notefont=\toks22
\thm@headpunct=\toks23
\thm@preskip=\skip48
\thm@postskip=\skip49
\thm@headsep=\skip50
\dth@everypar=\toks24
)
(/usr/local/teTeX/share/texmf.tetex/tex/latex/amsfonts/amssymb.sty
Package: amssymb 2002/01/22 v2.2d
)
(/usr/local/teTeX/share/texmf.local/tex/latex/base/latexsym.sty
Package: latexsym 1998/08/17 v2.2e Standard LaTeX package (lasy symbols)
\symlasy=\mathgroup6
LaTeX Font Info:    Overwriting symbol font `lasy' in version `bold'
(Font)                  U/lasy/m/n --> U/lasy/b/n on input line 47.
)
\c@problem=\count99
\c@lemma=\count100

(./solymosi.aux)
\openout1 = `solymosi.aux'.

LaTeX Font Info:    Checking defaults for OML/cmm/m/it on input line 204.
LaTeX Font Info:    ... okay on input line 204.
LaTeX Font Info:    Checking defaults for T1/cmr/m/n on input line 204.
LaTeX Font Info:    ... okay on input line 204.
LaTeX Font Info:    Checking defaults for OT1/cmr/m/n on input line 204.
LaTeX Font Info:    ... okay on input line 204.
LaTeX Font Info:    Checking defaults for OMS/cmsy/m/n on input line 204.
LaTeX Font Info:    ... okay on input line 204.
LaTeX Font Info:    Checking defaults for OMX/cmex/m/n on input line 204.
LaTeX Font Info:    ... okay on input line 204.
LaTeX Font Info:    Checking defaults for U/cmr/m/n on input line 204.
LaTeX Font Info:    ... okay on input line 204.
LaTeX Font Info:    Try loading font information for U+msa on input line 204.
 (/usr/local/teTeX/share/texmf.tetex/tex/latex/amsfonts/umsa.fd
File: umsa.fd 2002/01/19 v2.2g AMS font definitions
)
LaTeX Font Info:    Try loading font information for U+msb on input line 204.
 (/usr/local/teTeX/share/texmf.tetex/tex/latex/amsfonts/umsb.fd
File: umsb.fd 2002/01/19 v2.2g AMS font definitions
)
LaTeX Font Info:    Try loading font information for U+lasy on input line 204.

(/usr/local/teTeX/share/texmf.local/tex/latex/base/ulasy.fd
File: ulasy.fd 1998/08/17 v2.2e LaTeX symbol font definitions
) (./solymosi.toc)
\tf@toc=\write3
\openout3 = `solymosi.toc'.



Package amsfonts Warning: Obsolete command \Bbb; \mathbb should be used instead
 on input line 232.


Overfull \vbox (2.59909pt too high) has occurred while \output is active []


[1{/usr/local/teTeX/share/texmf.local/fonts/map/pdftex/updmap/pdftex.map}]
[2] [3] [4] [5] [6] [7]
Missing character: There is no É in font cmr8!
 [8] (./solymosi.aux) ) 
Here is how much of TeX's memory you used:
 1758 strings out of 95125
 18833 string characters out of 1182970
 2063106 words of memory out of 4517859
 4776 multiletter control sequences out of 10000+50000
 10895 words of font info for 45 fonts, out of 2000000 for 2000
 219 hyphenation exceptions out of 5000
 34i,6n,32p,855b,256s stack positions out of 5000i,500n,6000p,200000b,40000s
PDF statistics:
 83 PDF objects out of 300000
 0 named destinations out of 131072
 1 words of extra memory for PDF output out of 10000
</usr/local/teTeX/share/texmf.tetex/fonts/type1/bluesky/
cm/cmbx8.pfb></usr/local/teTeX/share/texmf.tetex/fonts/type1/bluesky/cm/cmsy5.p
fb></usr/local/teTeX/share/texmf.tetex/fonts/type1/bluesky/symbols/msbm7.pfb></
usr/local/teTeX/share/texmf.tetex/fonts/type1/bluesky/cm/cmmi5.pfb></usr/local/
teTeX/share/texmf.tetex/fonts/type1/bluesky/cm/cmex10.pfb></usr/local/teTeX/sha
re/texmf.tetex/fonts/type1/bluesky/cm/cmti10.pfb></usr/local/teTeX/share/texmf.
tetex/fonts/type1/bluesky/symbols/msam10.pfb></usr/local/teTeX/share/texmf.tete
x/fonts/type1/bluesky/cm/cmr5.pfb></usr/local/teTeX/share/texmf.tetex/fonts/typ
e1/bluesky/cm/cmti8.pfb></usr/local/teTeX/share/texmf.tetex/fonts/type1/bluesky
/cm/cmmi7.pfb></usr/local/teTeX/share/texmf.tetex/fonts/type1/bluesky/cm/cmsy7.
pfb></usr/local/teTeX/share/texmf.tetex/fonts/type1/bluesky/cm/cmr7.pfb></usr/l
ocal/teTeX/share/texmf.tetex/fonts/type1/bluesky/symbols/msbm10.pfb></usr/local
/teTeX/share/texmf.tetex/fonts/type1/bluesky/cm/cmsy10.pfb></usr/local/teTeX/sh
are/texmf.tetex/fonts/type1/bluesky/cm/cmmi10.pfb></usr/local/teTeX/share/texmf
.tetex/fonts/type1/bluesky/cm/cmr10.pfb></usr/local/teTeX/share/texmf.tetex/fon
ts/type1/bluesky/cm/cmcsc10.pfb></usr/local/teTeX/share/texmf.tetex/fonts/type1
/bluesky/cm/cmr8.pfb></usr/local/teTeX/share/texmf.tetex/fonts/type1/bluesky/cm
/cmbx10.pfb>
Output written on solymosi.pdf (8 pages, 163260 bytes).
